Case #1:
NOTHING
Case #2:
EMERGENCY
Case #3:
EMERGENCY
Case #4:
EMERGENCY
Case #5:
NOTHING
Case #6:
NOTHING
Case #7:
EMERGENCY
Case #8:
EMERGENCY
Case #9:
NIGHTMARE
Case #10:
NOTHING
Case #11:
NIGHTMARE
Case #12:
NIGHTMARE
Case #13:
NIGHTMARE
Case #14:
NOTHING
Case #15:
EMERGENCY
Case #16:
NOTHING
Case #17:
NOTHING
Case #18:
NOTHING
Case #19:
EMERGENCY
Case #20:
NOTHING
Case #21:
EMERGENCY
Case #22:
EMERGENCY
Case #23:
EMERGENCY
Case #24:
NOTHING
Case #25:
EMERGENCY
Case #26:
NOTHING
Case #27:
NOTHING
Case #28:
NIGHTMARE
Case #29:
EMERGENCY
Case #30:
EMERGENCY
Case #31:
NIGHTMARE
Case #32:
EMERGENCY
Case #33:
NOTHING
Case #34:
WAKE-UP
Case #35:
NOTHING
Case #36:
EMERGENCY
Case #37:
WAKE-UP
Case #38:
EMERGENCY
Case #39:
NOTHING
Case #40:
NOTHING
Case #41:
WAKE-UP
Case #42:
EMERGENCY
Case #43:
WAKE-UP
Case #44:
NOTHING
Case #45:
NIGHTMARE
Case #46:
EMERGENCY
Case #47:
NOTHING
Case #48:
NOTHING
Case #49:
NOTHING
Case #50:
EMERGENCY
Case #51:
NOTHING
Case #52:
EMERGENCY
Case #53:
WAKE-UP
Case #54:
EMERGENCY
Case #55:
EMERGENCY
Case #56:
NOTHING
Case #57:
NOTHING
Case #58:
NOTHING
Case #59:
EMERGENCY
Case #60:
EMERGENCY
Case #61:
NIGHTMARE
Case #62:
NOTHING
Case #63:
NOTHING
Case #64:
EMERGENCY
Case #65:
NOTHING
Case #66:
WAKE-UP
Case #67:
NOTHING
Case #68:
NOTHING
Case #69:
NOTHING
Case #70:
NOTHING
Case #71:
NIGHTMARE
Case #72:
NOTHING
Case #73:
EMERGENCY
Case #74:
NOTHING
Case #75:
NIGHTMARE
Case #76:
NIGHTMARE
Case #77:
EMERGENCY
Case #78:
EMERGENCY
Case #79:
NOTHING
Case #80:
NOTHING
Case #81:
EMERGENCY
Case #82:
NOTHING
Case #83:
WAKE-UP
Case #84:
EMERGENCY
Case #85:
EMERGENCY
Case #86:
EMERGENCY
Case #87:
EMERGENCY
Case #88:
NOTHING
Case #89:
NOTHING
Case #90:
NOTHING
Case #91:
EMERGENCY
Case #92:
EMERGENCY
Case #93:
EMERGENCY
Case #94:
EMERGENCY
Case #95:
NOTHING
Case #96:
EMERGENCY
Case #97:
EMERGENCY
Case #98:
NOTHING
Case #99:
NOTHING
Case #100:
NIGHTMARE
