Case #1:
EMERGENCY
Case #2:
NOTHING
Case #3:
NIGHTMARE
Case #4:
EMERGENCY
Case #5:
NOTHING
Case #6:
NOTHING
Case #7:
NOTHING
Case #8:
WAKE-UP
Case #9:
WAKE-UP
Case #10:
NIGHTMARE
Case #11:
EMERGENCY
Case #12:
WAKE-UP
Case #13:
NIGHTMARE
Case #14:
NOTHING
Case #15:
EMERGENCY
Case #16:
EMERGENCY
Case #17:
EMERGENCY
Case #18:
NOTHING
Case #19:
NOTHING
Case #20:
NOTHING
Case #21:
NOTHING
Case #22:
NOTHING
Case #23:
EMERGENCY
Case #24:
EMERGENCY
Case #25:
EMERGENCY
Case #26:
NOTHING
Case #27:
NOTHING
Case #28:
NOTHING
Case #29:
NOTHING
Case #30:
WAKE-UP
Case #31:
EMERGENCY
Case #32:
EMERGENCY
Case #33:
NOTHING
Case #34:
EMERGENCY
Case #35:
EMERGENCY
Case #36:
EMERGENCY
Case #37:
EMERGENCY
Case #38:
NOTHING
Case #39:
WAKE-UP
Case #40:
EMERGENCY
Case #41:
EMERGENCY
Case #42:
EMERGENCY
Case #43:
NIGHTMARE
Case #44:
EMERGENCY
Case #45:
EMERGENCY
Case #46:
NOTHING
Case #47:
EMERGENCY
Case #48:
NOTHING
Case #49:
NOTHING
Case #50:
NOTHING
Case #51:
EMERGENCY
Case #52:
NOTHING
Case #53:
EMERGENCY
Case #54:
EMERGENCY
Case #55:
NOTHING
Case #56:
EMERGENCY
Case #57:
NOTHING
Case #58:
NOTHING
Case #59:
EMERGENCY
Case #60:
EMERGENCY
Case #61:
EMERGENCY
Case #62:
NOTHING
Case #63:
EMERGENCY
Case #64:
NIGHTMARE
Case #65:
EMERGENCY
Case #66:
WAKE-UP
Case #67:
NOTHING
Case #68:
NOTHING
Case #69:
NOTHING
Case #70:
EMERGENCY
Case #71:
NOTHING
Case #72:
EMERGENCY
Case #73:
NIGHTMARE
Case #74:
NOTHING
Case #75:
NOTHING
Case #76:
NIGHTMARE
Case #77:
NOTHING
Case #78:
NOTHING
Case #79:
NOTHING
Case #80:
NOTHING
Case #81:
EMERGENCY
Case #82:
NIGHTMARE
Case #83:
WAKE-UP
Case #84:
NOTHING
Case #85:
NOTHING
Case #86:
NOTHING
Case #87:
NOTHING
Case #88:
EMERGENCY
Case #89:
NIGHTMARE
Case #90:
EMERGENCY
Case #91:
EMERGENCY
Case #92:
NIGHTMARE
Case #93:
NIGHTMARE
Case #94:
NOTHING
Case #95:
NOTHING
Case #96:
NOTHING
Case #97:
EMERGENCY
Case #98:
EMERGENCY
Case #99:
NIGHTMARE
Case #100:
EMERGENCY
